<?xml version="1.0" encoding="UTF-8"?>
<!-- Generated by org.testng.reporters.JUnitReportReporter -->
<testsuite skipped="0" hostname="DESKTOP-62W" name="com.testCases.TC_LoginTest_001" tests="1" failures="0" timestamp="2020-10-05T13:54:03 EDT" time="6.016" errors="0">
  <testcase name="loginTest" time="6.016" classname="com.testCases.TC_LoginTest_001"/>
  <system-out/>
</testsuite> <!-- com.testCases.TC_LoginTest_001 -->
